<?xml version="1.0" encoding="UTF-8"?>
<!-- Generated by org.testng.reporters.JUnitReportReporter -->
<testsuite skipped="0" hostname="DESKTOP-AUMHBJJ" name="gittestcreateuser.gitcreateusertest" tests="1" failures="0" timestamp="2020-04-19T11:18:57 IST" time="0.012" errors="0">
  <testcase name="tsetGitUserCreate" time="0.012" classname="gittestcreateuser.gitcreateusertest"/>
  <system-out/>
</testsuite> <!-- gittestcreateuser.gitcreateusertest -->
